{"T:\\Code\\code-challenge\\src\\problem5\\src\\controllers\\book.controller.ts": {"path":"T:\\Code\\code-challenge\\src\\problem5\\src\\controllers\\book.controller.ts","statementMap":{"0":{"start":{"line":8,"column":8},"end":{"line":8,"column":39}},"1":{"start":{"line":10,"column":13},"end":{"line":17,"column":5}},"2":{"start":{"line":11,"column":8},"end":{"line":16,"column":9}},"3":{"start":{"line":12,"column":28},"end":{"line":12,"column":71}},"4":{"start":{"line":13,"column":12},"end":{"line":13,"column":42}},"5":{"start":{"line":15,"column":12},"end":{"line":15,"column":24}},"6":{"start":{"line":19,"column":11},"end":{"line":26,"column":5}},"7":{"start":{"line":20,"column":8},"end":{"line":25,"column":9}},"8":{"start":{"line":21,"column":26},"end":{"line":21,"column":69}},"9":{"start":{"line":22,"column":12},"end":{"line":22,"column":40}},"10":{"start":{"line":24,"column":12},"end":{"line":24,"column":24}},"11":{"start":{"line":28,"column":17},"end":{"line":38,"column":5}},"12":{"start":{"line":29,"column":8},"end":{"line":37,"column":9}},"13":{"start":{"line":31,"column":25},"end":{"line":31,"column":82}},"14":{"start":{"line":32,"column":12},"end":{"line":32,"column":80}},"15":{"start":{"line":32,"column":23},"end":{"line":32,"column":80}},"16":{"start":{"line":34,"column":12},"end":{"line":34,"column":39}},"17":{"start":{"line":36,"column":12},"end":{"line":36,"column":24}},"18":{"start":{"line":40,"column":13},"end":{"line":48,"column":5}},"19":{"start":{"line":41,"column":8},"end":{"line":47,"column":9}},"20":{"start":{"line":42,"column":25},"end":{"line":42,"column":91}},"21":{"start":{"line":43,"column":12},"end":{"line":43,"column":80}},"22":{"start":{"line":43,"column":23},"end":{"line":43,"column":80}},"23":{"start":{"line":44,"column":12},"end":{"line":44,"column":39}},"24":{"start":{"line":46,"column":12},"end":{"line":46,"column":24}},"25":{"start":{"line":50,"column":13},"end":{"line":59,"column":5}},"26":{"start":{"line":51,"column":8},"end":{"line":58,"column":9}},"27":{"start":{"line":52,"column":28},"end":{"line":52,"column":84}},"28":{"start":{"line":53,"column":12},"end":{"line":53,"column":83}},"29":{"start":{"line":53,"column":26},"end":{"line":53,"column":83}},"30":{"start":{"line":55,"column":12},"end":{"line":55,"column":75}},"31":{"start":{"line":57,"column":12},"end":{"line":57,"column":24}},"32":{"start":{"line":4,"column":0},"end":{"line":4,"column":13}}},"fnMap":{"0":{"name":"(anonymous_0)","decl":{"start":{"line":7,"column":4},"end":{"line":7,"column":16}},"loc":{"start":{"line":7,"column":40},"end":{"line":9,"column":5}}},"1":{"name":"(anonymous_1)","decl":{"start":{"line":10,"column":13},"end":{"line":10,"column":18}},"loc":{"start":{"line":10,"column":71},"end":{"line":17,"column":5}}},"2":{"name":"(anonymous_2)","decl":{"start":{"line":19,"column":11},"end":{"line":19,"column":16}},"loc":{"start":{"line":19,"column":69},"end":{"line":26,"column":5}}},"3":{"name":"(anonymous_3)","decl":{"start":{"line":28,"column":17},"end":{"line":28,"column":22}},"loc":{"start":{"line":28,"column":75},"end":{"line":38,"column":5}}},"4":{"name":"(anonymous_4)","decl":{"start":{"line":40,"column":13},"end":{"line":40,"column":18}},"loc":{"start":{"line":40,"column":71},"end":{"line":48,"column":5}}},"5":{"name":"(anonymous_5)","decl":{"start":{"line":50,"column":13},"end":{"line":50,"column":18}},"loc":{"start":{"line":50,"column":71},"end":{"line":59,"column":5}}}},"branchMap":{"0":{"loc":{"start":{"line":32,"column":12},"end":{"line":32,"column":80}},"type":"if","locations":[{"start":{"line":32,"column":12},"end":{"line":32,"column":80}},{"start":{},"end":{}}]},"1":{"loc":{"start":{"line":43,"column":12},"end":{"line":43,"column":80}},"type":"if","locations":[{"start":{"line":43,"column":12},"end":{"line":43,"column":80}},{"start":{},"end":{}}]},"2":{"loc":{"start":{"line":53,"column":12},"end":{"line":53,"column":83}},"type":"if","locations":[{"start":{"line":53,"column":12},"end":{"line":53,"column":83}},{"start":{},"end":{}}]}},"s":{"0":0,"1":0,"2":0,"3":0,"4":0,"5":0,"6":0,"7":0,"8":0,"9":0,"10":0,"11":0,"12":0,"13":0,"14":0,"15":0,"16":0,"17":0,"18":0,"19":0,"20":0,"21":0,"22":0,"23":0,"24":0,"25":0,"26":0,"27":0,"28":0,"29":0,"30":0,"31":0,"32":0},"f":{"0":0,"1":0,"2":0,"3":0,"4":0,"5":0},"b":{"0":[0,0],"1":[0,0],"2":[0,0]}}
,"T:\\Code\\code-challenge\\src\\problem5\\src\\middleware\\error.middleware.ts": {"path":"T:\\Code\\code-challenge\\src\\problem5\\src\\middleware\\error.middleware.ts","statementMap":{"0":{"start":{"line":2,"column":0},"end":{"line":2,"column":41}},"1":{"start":{"line":4,"column":31},"end":{"line":15,"column":1}},"2":{"start":{"line":5,"column":4},"end":{"line":9,"column":7}},"3":{"start":{"line":10,"column":19},"end":{"line":10,"column":36}},"4":{"start":{"line":12,"column":20},"end":{"line":12,"column":82}},"5":{"start":{"line":14,"column":4},"end":{"line":14,"column":48}},"6":{"start":{"line":4,"column":13},"end":{"line":4,"column":31}}},"fnMap":{"0":{"name":"(anonymous_0)","decl":{"start":{"line":4,"column":31},"end":{"line":4,"column":32}},"loc":{"start":{"line":4,"column":93},"end":{"line":15,"column":1}}}},"branchMap":{"0":{"loc":{"start":{"line":10,"column":19},"end":{"line":10,"column":36}},"type":"binary-expr","locations":[{"start":{"line":10,"column":19},"end":{"line":10,"column":29}},{"start":{"line":10,"column":33},"end":{"line":10,"column":36}}]},"1":{"loc":{"start":{"line":12,"column":20},"end":{"line":12,"column":82}},"type":"cond-expr","locations":[{"start":{"line":12,"column":37},"end":{"line":12,"column":68}},{"start":{"line":12,"column":71},"end":{"line":12,"column":82}}]}},"s":{"0":0,"1":0,"2":0,"3":0,"4":0,"5":0,"6":0},"f":{"0":0},"b":{"0":[0,0],"1":[0,0]}}
,"T:\\Code\\code-challenge\\src\\problem5\\src\\middleware\\security.middleware.ts": {"path":"T:\\Code\\code-challenge\\src\\problem5\\src\\middleware\\security.middleware.ts","statementMap":{"0":{"start":{"line":1,"column":0},"end":{"line":1,"column":28}},"1":{"start":{"line":2,"column":0},"end":{"line":2,"column":43}},"2":{"start":{"line":4,"column":13},"end":{"line":16,"column":2}}},"fnMap":{},"branchMap":{},"s":{"0":0,"1":0,"2":0},"f":{},"b":{}}
,"T:\\Code\\code-challenge\\src\\problem5\\src\\repository\\book.repository.ts": {"path":"T:\\Code\\code-challenge\\src\\problem5\\src\\repository\\book.repository.ts","statementMap":{"0":{"start":{"line":2,"column":0},"end":{"line":2,"column":37}},"1":{"start":{"line":6,"column":8},"end":{"line":6,"column":29}},"2":{"start":{"line":10,"column":19},"end":{"line":10,"column":43}},"3":{"start":{"line":11,"column":23},"end":{"line":13,"column":null}},"4":{"start":{"line":15,"column":8},"end":{"line":15,"column":46}},"5":{"start":{"line":19,"column":19},"end":{"line":19,"column":43}},"6":{"start":{"line":20,"column":20},"end":{"line":20,"column":51}},"7":{"start":{"line":21,"column":44},"end":{"line":21,"column":46}},"8":{"start":{"line":23,"column":8},"end":{"line":26,"column":9}},"9":{"start":{"line":24,"column":12},"end":{"line":24,"column":41}},"10":{"start":{"line":25,"column":12},"end":{"line":25,"column":46}},"11":{"start":{"line":27,"column":8},"end":{"line":30,"column":9}},"12":{"start":{"line":28,"column":12},"end":{"line":28,"column":42}},"13":{"start":{"line":29,"column":12},"end":{"line":29,"column":47}},"14":{"start":{"line":31,"column":8},"end":{"line":34,"column":9}},"15":{"start":{"line":32,"column":12},"end":{"line":32,"column":41}},"16":{"start":{"line":33,"column":12},"end":{"line":33,"column":46}},"17":{"start":{"line":36,"column":8},"end":{"line":36,"column":44}},"18":{"start":{"line":37,"column":8},"end":{"line":37,"column":51}},"19":{"start":{"line":41,"column":19},"end":{"line":41,"column":43}},"20":{"start":{"line":42,"column":21},"end":{"line":42,"column":81}},"21":{"start":{"line":43,"column":8},"end":{"line":43,"column":28}},"22":{"start":{"line":47,"column":33},"end":{"line":47,"column":35}},"23":{"start":{"line":48,"column":51},"end":{"line":48,"column":53}},"24":{"start":{"line":50,"column":8},"end":{"line":63,"column":11}},"25":{"start":{"line":52,"column":12},"end":{"line":54,"column":13}},"26":{"start":{"line":53,"column":16},"end":{"line":53,"column":23}},"27":{"start":{"line":55,"column":12},"end":{"line":62,"column":13}},"28":{"start":{"line":56,"column":16},"end":{"line":56,"column":42}},"29":{"start":{"line":57,"column":16},"end":{"line":61,"column":17}},"30":{"start":{"line":58,"column":20},"end":{"line":58,"column":53}},"31":{"start":{"line":60,"column":20},"end":{"line":60,"column":39}},"32":{"start":{"line":64,"column":8},"end":{"line":64,"column":45}},"33":{"start":{"line":64,"column":33},"end":{"line":64,"column":45}},"34":{"start":{"line":65,"column":8},"end":{"line":65,"column":24}},"35":{"start":{"line":66,"column":19},"end":{"line":66,"column":43}},"36":{"start":{"line":69,"column":8},"end":{"line":72,"column":10}},"37":{"start":{"line":74,"column":8},"end":{"line":74,"column":39}},"38":{"start":{"line":78,"column":19},"end":{"line":78,"column":43}},"39":{"start":{"line":79,"column":23},"end":{"line":79,"column":75}},"40":{"start":{"line":80,"column":8},"end":{"line":80,"column":42}},"41":{"start":{"line":3,"column":0},"end":{"line":3,"column":13}}},"fnMap":{"0":{"name":"(anonymous_0)","decl":{"start":{"line":5,"column":12},"end":{"line":5,"column":17}},"loc":{"start":{"line":5,"column":29},"end":{"line":7,"column":5}}},"1":{"name":"(anonymous_1)","decl":{"start":{"line":9,"column":4},"end":{"line":9,"column":9}},"loc":{"start":{"line":9,"column":27},"end":{"line":16,"column":5}}},"2":{"name":"(anonymous_2)","decl":{"start":{"line":18,"column":4},"end":{"line":18,"column":9}},"loc":{"start":{"line":18,"column":38},"end":{"line":38,"column":5}}},"3":{"name":"(anonymous_3)","decl":{"start":{"line":40,"column":4},"end":{"line":40,"column":9}},"loc":{"start":{"line":40,"column":29},"end":{"line":44,"column":5}}},"4":{"name":"(anonymous_4)","decl":{"start":{"line":46,"column":4},"end":{"line":46,"column":9}},"loc":{"start":{"line":46,"column":51},"end":{"line":75,"column":5}}},"5":{"name":"(anonymous_5)","decl":{"start":{"line":50,"column":40},"end":{"line":50,"column":41}},"loc":{"start":{"line":50,"column":57},"end":{"line":63,"column":9}}},"6":{"name":"(anonymous_6)","decl":{"start":{"line":77,"column":4},"end":{"line":77,"column":9}},"loc":{"start":{"line":77,"column":27},"end":{"line":81,"column":5}}}},"branchMap":{"0":{"loc":{"start":{"line":13,"column":38},"end":{"line":13,"column":64}},"type":"binary-expr","locations":[{"start":{"line":13,"column":38},"end":{"line":13,"column":56}},{"start":{"line":13,"column":60},"end":{"line":13,"column":64}}]},"1":{"loc":{"start":{"line":13,"column":66},"end":{"line":13,"column":84}},"type":"binary-expr","locations":[{"start":{"line":13,"column":66},"end":{"line":13,"column":76}},{"start":{"line":13,"column":80},"end":{"line":13,"column":84}}]},"2":{"loc":{"start":{"line":23,"column":8},"end":{"line":26,"column":9}},"type":"if","locations":[{"start":{"line":23,"column":8},"end":{"line":26,"column":9}},{"start":{},"end":{}}]},"3":{"loc":{"start":{"line":27,"column":8},"end":{"line":30,"column":9}},"type":"if","locations":[{"start":{"line":27,"column":8},"end":{"line":30,"column":9}},{"start":{},"end":{}}]},"4":{"loc":{"start":{"line":31,"column":8},"end":{"line":34,"column":9}},"type":"if","locations":[{"start":{"line":31,"column":8},"end":{"line":34,"column":9}},{"start":{},"end":{}}]},"5":{"loc":{"start":{"line":43,"column":15},"end":{"line":43,"column":27}},"type":"binary-expr","locations":[{"start":{"line":43,"column":15},"end":{"line":43,"column":19}},{"start":{"line":43,"column":23},"end":{"line":43,"column":27}}]},"6":{"loc":{"start":{"line":52,"column":12},"end":{"line":54,"column":13}},"type":"if","locations":[{"start":{"line":52,"column":12},"end":{"line":54,"column":13}},{"start":{},"end":{}}]},"7":{"loc":{"start":{"line":55,"column":12},"end":{"line":62,"column":13}},"type":"if","locations":[{"start":{"line":55,"column":12},"end":{"line":62,"column":13}},{"start":{},"end":{}}]},"8":{"loc":{"start":{"line":57,"column":16},"end":{"line":61,"column":17}},"type":"if","locations":[{"start":{"line":57,"column":16},"end":{"line":61,"column":17}},{"start":{"line":59,"column":23},"end":{"line":61,"column":17}}]},"9":{"loc":{"start":{"line":64,"column":8},"end":{"line":64,"column":45}},"type":"if","locations":[{"start":{"line":64,"column":8},"end":{"line":64,"column":45}},{"start":{},"end":{}}]},"10":{"loc":{"start":{"line":80,"column":16},"end":{"line":80,"column":36}},"type":"binary-expr","locations":[{"start":{"line":80,"column":16},"end":{"line":80,"column":31}},{"start":{"line":80,"column":35},"end":{"line":80,"column":36}}]}},"s":{"0":2,"1":20,"2":2,"3":2,"4":1,"5":5,"6":5,"7":5,"8":5,"9":1,"10":1,"11":5,"12":2,"13":2,"14":5,"15":1,"16":1,"17":5,"18":5,"19":6,"20":6,"21":5,"22":5,"23":5,"24":5,"25":5,"26":0,"27":5,"28":5,"29":5,"30":1,"31":4,"32":5,"33":1,"34":4,"35":4,"36":4,"37":3,"38":3,"39":3,"40":2,"41":2},"f":{"0":20,"1":2,"2":5,"3":6,"4":5,"5":5,"6":3},"b":{"0":[2,2],"1":[2,2],"2":[1,4],"3":[2,3],"4":[1,4],"5":[5,3],"6":[0,5],"7":[5,0],"8":[1,4],"9":[1,4],"10":[2,1]}}
,"T:\\Code\\code-challenge\\src\\problem5\\src\\services\\book.service.ts": {"path":"T:\\Code\\code-challenge\\src\\problem5\\src\\services\\book.service.ts","statementMap":{"0":{"start":{"line":3,"column":0},"end":{"line":3,"column":41}},"1":{"start":{"line":8,"column":8},"end":{"line":8,"column":45}},"2":{"start":{"line":13,"column":8},"end":{"line":13,"column":68}},"3":{"start":{"line":14,"column":8},"end":{"line":14,"column":54}},"4":{"start":{"line":19,"column":8},"end":{"line":19,"column":78}},"5":{"start":{"line":20,"column":8},"end":{"line":20,"column":58}},"6":{"start":{"line":25,"column":8},"end":{"line":25,"column":59}},"7":{"start":{"line":26,"column":8},"end":{"line":26,"column":54}},"8":{"start":{"line":31,"column":8},"end":{"line":31,"column":88}},"9":{"start":{"line":32,"column":8},"end":{"line":32,"column":55}},"10":{"start":{"line":37,"column":8},"end":{"line":37,"column":52}},"11":{"start":{"line":38,"column":8},"end":{"line":38,"column":52}},"12":{"start":{"line":4,"column":0},"end":{"line":4,"column":13}}},"fnMap":{"0":{"name":"(anonymous_0)","decl":{"start":{"line":7,"column":4},"end":{"line":7,"column":16}},"loc":{"start":{"line":7,"column":46},"end":{"line":9,"column":5}}},"1":{"name":"(anonymous_1)","decl":{"start":{"line":12,"column":4},"end":{"line":12,"column":9}},"loc":{"start":{"line":12,"column":31},"end":{"line":15,"column":5}}},"2":{"name":"(anonymous_2)","decl":{"start":{"line":18,"column":4},"end":{"line":18,"column":9}},"loc":{"start":{"line":18,"column":40},"end":{"line":21,"column":5}}},"3":{"name":"(anonymous_3)","decl":{"start":{"line":24,"column":4},"end":{"line":24,"column":9}},"loc":{"start":{"line":24,"column":32},"end":{"line":27,"column":5}}},"4":{"name":"(anonymous_4)","decl":{"start":{"line":30,"column":4},"end":{"line":30,"column":9}},"loc":{"start":{"line":30,"column":55},"end":{"line":33,"column":5}}},"5":{"name":"(anonymous_5)","decl":{"start":{"line":36,"column":4},"end":{"line":36,"column":9}},"loc":{"start":{"line":36,"column":31},"end":{"line":39,"column":5}}}},"branchMap":{},"s":{"0":1,"1":8,"2":1,"3":1,"4":1,"5":1,"6":2,"7":2,"8":2,"9":2,"10":2,"11":2,"12":1},"f":{"0":8,"1":1,"2":1,"3":2,"4":2,"5":2},"b":{}}
,"T:\\Code\\code-challenge\\src\\problem5\\src\\utils\\logger.ts": {"path":"T:\\Code\\code-challenge\\src\\problem5\\src\\utils\\logger.ts","statementMap":{"0":{"start":{"line":1,"column":0},"end":{"line":1,"column":30}},"1":{"start":{"line":3,"column":13},"end":{"line":14,"column":3}}},"fnMap":{},"branchMap":{},"s":{"0":1,"1":1},"f":{},"b":{}}
}
