TN:
SF:src\controllers\book.controller.ts
FN:7,(anonymous_0)
FN:10,(anonymous_1)
FN:19,(anonymous_2)
FN:28,(anonymous_3)
FN:40,(anonymous_4)
FN:50,(anonymous_5)
FNF:6
FNH:0
FNDA:0,(anonymous_0)
FNDA:0,(anonymous_1)
FNDA:0,(anonymous_2)
FNDA:0,(anonymous_3)
FNDA:0,(anonymous_4)
FNDA:0,(anonymous_5)
DA:4,0
DA:8,0
DA:10,0
DA:11,0
DA:12,0
DA:13,0
DA:15,0
DA:19,0
DA:20,0
DA:21,0
DA:22,0
DA:24,0
DA:28,0
DA:29,0
DA:31,0
DA:32,0
DA:34,0
DA:36,0
DA:40,0
DA:41,0
DA:42,0
DA:43,0
DA:44,0
DA:46,0
DA:50,0
DA:51,0
DA:52,0
DA:53,0
DA:55,0
DA:57,0
LF:30
LH:0
BRDA:32,0,0,0
BRDA:32,0,1,0
BRDA:43,1,0,0
BRDA:43,1,1,0
BRDA:53,2,0,0
BRDA:53,2,1,0
BRF:6
BRH:0
end_of_record
TN:
SF:src\middleware\error.middleware.ts
FN:4,(anonymous_0)
FNF:1
FNH:0
FNDA:0,(anonymous_0)
DA:2,0
DA:4,0
DA:5,0
DA:10,0
DA:12,0
DA:14,0
LF:6
LH:0
BRDA:10,0,0,0
BRDA:10,0,1,0
BRDA:12,1,0,0
BRDA:12,1,1,0
BRF:4
BRH:0
end_of_record
TN:
SF:src\middleware\security.middleware.ts
FNF:0
FNH:0
DA:1,0
DA:2,0
DA:4,0
LF:3
LH:0
BRF:0
BRH:0
end_of_record
TN:
SF:src\repository\book.repository.ts
FN:5,(anonymous_0)
FN:9,(anonymous_1)
FN:18,(anonymous_2)
FN:40,(anonymous_3)
FN:46,(anonymous_4)
FN:50,(anonymous_5)
FN:77,(anonymous_6)
FNF:7
FNH:7
FNDA:20,(anonymous_0)
FNDA:2,(anonymous_1)
FNDA:5,(anonymous_2)
FNDA:6,(anonymous_3)
FNDA:5,(anonymous_4)
FNDA:5,(anonymous_5)
FNDA:3,(anonymous_6)
DA:2,2
DA:3,2
DA:6,20
DA:10,2
DA:11,2
DA:15,1
DA:19,5
DA:20,5
DA:21,5
DA:23,5
DA:24,1
DA:25,1
DA:27,5
DA:28,2
DA:29,2
DA:31,5
DA:32,1
DA:33,1
DA:36,5
DA:37,5
DA:41,6
DA:42,6
DA:43,5
DA:47,5
DA:48,5
DA:50,5
DA:52,5
DA:53,0
DA:55,5
DA:56,5
DA:57,5
DA:58,1
DA:60,4
DA:64,5
DA:65,4
DA:66,4
DA:69,4
DA:74,3
DA:78,3
DA:79,3
DA:80,2
LF:41
LH:40
BRDA:13,0,0,2
BRDA:13,0,1,2
BRDA:13,1,0,2
BRDA:13,1,1,2
BRDA:23,2,0,1
BRDA:23,2,1,4
BRDA:27,3,0,2
BRDA:27,3,1,3
BRDA:31,4,0,1
BRDA:31,4,1,4
BRDA:43,5,0,5
BRDA:43,5,1,3
BRDA:52,6,0,0
BRDA:52,6,1,5
BRDA:55,7,0,5
BRDA:55,7,1,0
BRDA:57,8,0,1
BRDA:57,8,1,4
BRDA:64,9,0,1
BRDA:64,9,1,4
BRDA:80,10,0,2
BRDA:80,10,1,1
BRF:22
BRH:20
end_of_record
TN:
SF:src\services\book.service.ts
FN:7,(anonymous_0)
FN:12,(anonymous_1)
FN:18,(anonymous_2)
FN:24,(anonymous_3)
FN:30,(anonymous_4)
FN:36,(anonymous_5)
FNF:6
FNH:6
FNDA:8,(anonymous_0)
FNDA:1,(anonymous_1)
FNDA:1,(anonymous_2)
FNDA:2,(anonymous_3)
FNDA:2,(anonymous_4)
FNDA:2,(anonymous_5)
DA:3,1
DA:4,1
DA:8,8
DA:13,1
DA:14,1
DA:19,1
DA:20,1
DA:25,2
DA:26,2
DA:31,2
DA:32,2
DA:37,2
DA:38,2
LF:13
LH:13
BRF:0
BRH:0
end_of_record
TN:
SF:src\utils\logger.ts
FNF:0
FNH:0
DA:1,1
DA:3,1
LF:2
LH:2
BRF:0
BRH:0
end_of_record
